2023-01-05 18:40:03,955 [main] INFO  (LastaDiProperties@deriveSmartDeployModeFromLocation():167) - ...Loading specified properties and get by the key: intro_env_production.properties, lasta_di.smart.deploy.mode
2023-01-05 18:40:03,970 [main] INFO  (SmartDeployMode@setValue():62) - ...Setting smart deploy mode: cool
2023-01-05 18:40:03,996 [main] INFO  (LaContainerFactory@show():158) - ...Reading lasta_di.xml
2023-01-05 18:40:04,030 [main] INFO  (LaContainerFactory@show():158) - ...Reading   redefiner.xml
2023-01-05 18:40:04,112 [main] INFO  (LaContainerFactory@show():158) - ...Reading   smartdeploy.xml
2023-01-05 18:40:04,127 [main] INFO  (LaContainerFactory@show():158) - ...Reading     smart/cooldeploy.xml
2023-01-05 18:40:04,139 [main] INFO  (LaContainerFactory@show():158) - ...Reading app.xml
2023-01-05 18:40:04,148 [main] INFO  (LaContainerFactory@show():158) - ...Reading   convention.xml
2023-01-05 18:40:04,149 [main] INFO  (LaContainerFactory@show():158) - ...Reading     embedded_convention.xml
2023-01-05 18:40:04,170 [main] INFO  (LaContainerFactory@show():158) - ...Reading   dbflute.xml
2023-01-05 18:40:04,178 [main] INFO  (LaContainerFactory@show():158) - ...Reading     rdb.xml
2023-01-05 18:40:04,183 [main] INFO  (LaContainerFactory@show():158) - ...Reading       jta.xml
2023-01-05 18:40:04,205 [main] INFO  (LaContainerFactory@show():158) - ...Reading       jdbc.xml
2023-01-05 18:40:04,213 [main] INFO  (LaContainerFactory@show():158) - ...Reading         jta.xml (recycle)
2023-01-05 18:40:04,213 [main] INFO  (LaContainerFactory@show():158) - ...Reading         lastaflute_assist.xml
2023-01-05 18:40:04,219 [main] INFO  (LaContainerFactory@show():158) - ...Reading           lastaflute_director.xml
2023-01-05 18:40:04,286 [main] INFO  (LaContainerFactory@show():158) - ...Reading       tx_aop.xml
2023-01-05 18:40:04,295 [main] INFO  (LaContainerFactory@show():158) - ...Reading         jta.xml (recycle)
2023-01-05 18:40:04,370 [main] INFO  (LaContainerFactory@show():158) - ...Reading   lastaflute.xml
2023-01-05 18:40:04,374 [main] INFO  (LaContainerFactory@show():158) - ...Reading     lastaflute_core.xml
2023-01-05 18:40:04,379 [main] INFO  (LaContainerFactory@show():158) - ...Reading       lastaflute_assist.xml (recycle)
2023-01-05 18:40:04,440 [main] INFO  (LaContainerFactory@show():158) - ...Reading     lastaflute_db.xml
2023-01-05 18:40:04,447 [main] INFO  (LaContainerFactory@show():158) - ...Reading       jta.xml (recycle)
2023-01-05 18:40:04,454 [main] INFO  (LaContainerFactory@show():158) - ...Reading     lastaflute_web.xml
2023-01-05 18:40:04,459 [main] INFO  (LaContainerFactory@show():158) - ...Reading       lastaflute_core.xml (recycle)
2023-01-05 18:40:04,459 [main] INFO  (LaContainerFactory@show():158) - ...Reading       lastaflute_db.xml (recycle)
2023-01-05 18:40:04,459 [main] INFO  (LaContainerFactory@show():158) - ...Reading       convention.xml (recycle)
2023-01-05 18:40:04,518 [main] INFO  (LaContainerFactory@show():158) - ...Reading smart/cooldeploy-autoregister.xml
2023-01-05 18:40:04,520 [main] INFO  (LaContainerFactory@show():158) - ...Reading   convention.xml (recycle)
2023-01-05 18:40:04,520 [main] INFO  (LaContainerFactory@show():158) - ...Reading   creator.xml
2023-01-05 18:40:04,527 [main] INFO  (LaContainerFactory@show():158) - ...Reading     convention.xml (recycle)
2023-01-05 18:40:04,528 [main] INFO  (LaContainerFactory@show():158) - ...Reading     customizer.xml
2023-01-05 18:40:04,529 [main] INFO  (LaContainerFactory@show():158) - ...Reading       lastafw_customizer.xml
2023-01-05 18:40:04,544 [main] INFO  (LaContainerFactory@show():158) - ...Reading       embedded_customizer.xml
2023-01-05 18:40:04,548 [main] INFO  (LaContainerFactory@show():158) - ...Reading         tx_customizer.xml
2023-01-05 18:40:04,560 [main] INFO  (LaContainerFactory@show():158) - ...Reading     lastafw_creator.xml
2023-01-05 18:40:04,565 [main] INFO  (LaContainerFactory@show():158) - ...Reading       convention.xml (recycle)
2023-01-05 18:40:04,571 [main] INFO  (LaContainerFactory@show():158) - ...Reading       customizer.xml (recycle)
2023-01-05 18:40:04,584 [main] INFO  (LaContainerFactory@show():158) - ...Reading     embedded_creator.xml
2023-01-05 18:40:04,588 [main] INFO  (LaContainerFactory@show():158) - ...Reading       convention.xml (recycle)
2023-01-05 18:40:04,588 [main] INFO  (LaContainerFactory@show():158) - ...Reading       customizer.xml (recycle)
2023-01-05 18:40:04,593 [main] INFO  (LaContainerFactory@show():158) - ...Reading   customizer.xml (recycle)
2023-01-05 18:40:04,657 [main] INFO  (ObjectiveConfig@showBootLogging():242) - [Objective Config]
2023-01-05 18:40:04,657 [main] INFO  (ObjectiveConfig@showBootLogging():243) -  intro_config.properties extends [intro_env_production.properties]
2023-01-05 18:40:04,660 [main] INFO  (ObjectiveConfig@showBootLogging():246) -  checkImplicitOverride=true, propertyCount=20
2023-01-05 18:40:04,667 [main] INFO  (HookedXADataSource@showBootLogging():78) - [XA DataSource]
2023-01-05 18:40:04,667 [main] INFO  (HookedXADataSource@showBootLogging():79) -  driver: org.h2.Driver
2023-01-05 18:40:04,670 [main] INFO  (HookedXADataSource@showBootLogging():80) -  url: jdbc:h2:mem:introdb;DB_CLOSE_DELAY=-1
2023-01-05 18:40:04,670 [main] INFO  (HookedXADataSource@showBootLogging():81) -  newbornConnectionHook: null
2023-01-05 18:40:04,683 [main] INFO  (HookedConnectionPool@showBootLogging():60) - [Connection Pool]
2023-01-05 18:40:04,683 [main] INFO  (HookedConnectionPool@showBootLogging():61) -  maxPoolSize: 10
2023-01-05 18:40:04,683 [main] INFO  (HookedConnectionPool@showBootLogging():62) -  minPoolSize: 0
2023-01-05 18:40:04,683 [main] INFO  (HookedConnectionPool@showBootLogging():63) -  maxWait: 10000 milliseconds
2023-01-05 18:40:04,686 [main] INFO  (HookedConnectionPool@showBootLogging():64) -  timeout: 600 seconds
2023-01-05 18:40:04,689 [main] INFO  (DBFluteInitializer@announce():58) - ...Initializing DBFlute components
2023-01-05 18:40:04,708 [main] INFO  (SimplePrimaryCipher@showBootLogging():80) - [Primary Cipher]
2023-01-05 18:40:04,708 [main] INFO  (SimplePrimaryCipher@showBootLogging():81) -  invertibleCryptographer: {Blowfish, UTF-8}
2023-01-05 18:40:04,708 [main] INFO  (SimplePrimaryCipher@showBootLogging():82) -  oneWayCryptographer: {SHA-256, UTF-8}
2023-01-05 18:40:04,711 [main] INFO  (SimpleTimeManager@showBootLogging():111) - [Time Manager]
2023-01-05 18:40:04,711 [main] INFO  (SimpleTimeManager@showBootLogging():112) -  businessTimeHandler: TypicalBusinessTimeHandler:{IntroTimeResourceProvider$$Lambda$148/0x0000000800df5358, IntroTimeResourceProvider$$Lambda$149/0x0000000800df5750}
2023-01-05 18:40:04,711 [main] INFO  (SimpleTimeManager@showBootLogging():116) -  currentIgnoreTransaction: false
2023-01-05 18:40:04,711 [main] INFO  (SimpleTimeManager@showBootLogging():117) -  adjustTimeMillis: 0
2023-01-05 18:40:04,711 [main] INFO  (SimpleTimeManager@showBootLogging():118) -  adjustAbsoluteMode: false
2023-01-05 18:40:04,799 [main] INFO  (SimpleJsonManager@showBootLogging():147) - [JSON Manager]
2023-01-05 18:40:04,800 [main] INFO  (SimpleJsonManager@showBootLogging():148) -  realJsonParser: GsonJsonEngine
2023-01-05 18:40:04,802 [main] INFO  (ExceptionTranslator@showBootLogging():68) - [Exception Translator]
2023-01-05 18:40:04,802 [main] INFO  (ExceptionTranslator@showBootLogging():69) -  exceptionTranslationProvider: null
2023-01-05 18:40:04,805 [main] INFO  (SimpleAsyncManager@showBootLogging():242) - [Async Manager]
2023-01-05 18:40:04,809 [main] INFO  (SimpleAsyncManager@showBootLogging():243) -  defaultConcurrentAsyncOption: {no option}
2023-01-05 18:40:04,810 [main] INFO  (SimpleAsyncManager@showBootLogging():244) -  primaryExecutorService: ThreadPoolExecutor@31198ceb
2023-01-05 18:40:04,810 [main] INFO  (SimpleAsyncManager@showBootLogging():245) -  secondaryExecutorService: ThreadPoolExecutor@9257031
2023-01-05 18:40:04,812 [main] INFO  (SimpleAsyncManager@showBootLogging():246) -  tertiaryExecutorService: ThreadPoolExecutor@75201592
2023-01-05 18:40:04,814 [main] INFO  (Postbox@showBootLogging():81) - [Postbox]
2023-01-05 18:40:04,814 [main] INFO  (Postbox@showBootLogging():88) -  postOffice: *no used
2023-01-05 18:40:04,822 [main] INFO  (ActionPathResolver@showBootLogging():95) - [Action Resolver]
2023-01-05 18:40:04,822 [main] INFO  (ActionPathResolver@showBootLogging():96) -  actionAdjustmentProvider: org.dbflute.intro.mylasta.direction.sponsor.IntroActionAdjustmentProvider@50cf5a23
2023-01-05 18:40:04,827 [main] INFO  (SimpleResponseManager@showBootLogging():106) - [Response Manager]
2023-01-05 18:40:04,827 [main] INFO  (SimpleResponseManager@showBootLogging():107) -  responseWritePerformerCreator: null
2023-01-05 18:40:04,827 [main] INFO  (SimpleResponseManager@showBootLogging():108) -  responseDownloadPerformerCreator: null
2023-01-05 18:40:04,831 [main] INFO  (SimpleResponseManager@showBootLogging():109) -  downloadExtensionContentTypeMap: null
2023-01-05 18:40:04,831 [main] INFO  (SimpleSessionManager@showBootLogging():109) - [Session Manager]
2023-01-05 18:40:04,835 [main] INFO  (SimpleSessionManager@showBootLogging():110) -  sessionSharedStorage: opt:{null}
2023-01-05 18:40:04,835 [main] INFO  (SimpleSessionManager@showBootLogging():111) -  httpSessionArranger: opt:{null}
2023-01-05 18:40:04,835 [main] INFO  (SimpleCookieManager@showBootLogging():93) - [Cookie Manager]
2023-01-05 18:40:04,835 [main] INFO  (SimpleCookieManager@showBootLogging():94) -  cookieCipher: {{Blowfish, UTF-8}}
2023-01-05 18:40:04,837 [main] INFO  (SimpleCookieManager@showBootLogging():95) -  defaultPath: /
2023-01-05 18:40:04,837 [main] INFO  (SimpleCookieManager@showBootLogging():96) -  defaultExpire: 31556926
2023-01-05 18:40:04,837 [main] INFO  (SimpleApiManager@showBootLogging():79) - [API Manager]
2023-01-05 18:40:04,837 [main] INFO  (SimpleApiManager@showBootLogging():80) -  apiFailureHook: IntroApiFailureHook
2023-01-05 18:40:04,837 [main] INFO  (SimpleRequestManager@showBootLogging():164) - [Request Manager]
2023-01-05 18:40:04,840 [main] INFO  (SimpleRequestManager@showBootLogging():165) -  localeProvider: {acceptCookieLocale=false}
2023-01-05 18:40:04,840 [main] INFO  (SimpleRequestManager@showBootLogging():166) -  timeZoneProvider: {useTimeZoneHandling=false, acceptCookieTimeZone=false}
2023-01-05 18:40:04,840 [main] INFO  (SimpleCsrfManager@showBootLogging():109) - [Csrf Manager]
2023-01-05 18:40:04,842 [main] INFO  (SimpleCsrfManager@showBootLogging():110) -  tokenHeaderName: X-CSRF-TOKEN
2023-01-05 18:40:04,842 [main] INFO  (SimpleCsrfManager@showBootLogging():111) -  tokenParameterName: _csrf
2023-01-05 18:40:04,842 [main] INFO  (SimpleCsrfManager@showBootLogging():112) -  tokenGenerator: org.lastaflute.web.token.SimpleCsrfManager$$Lambda$171/0x0000000800e0f218@2899a8db
2023-01-05 18:40:04,842 [main] INFO  (SimpleDoubleSubmitManager@showBootLogging():96) - [DoubleSubmit Manager]
2023-01-05 18:40:04,846 [main] INFO  (SimpleDoubleSubmitManager@showBootLogging():97) -  allowsVerifyTokenBeforeValidation: false
2023-01-05 18:40:04,871 [main] DEBUG (LaLogger@log():118) - Registering component definition of class(org.dbflute.intro.app.logic.client.ClientPhysicalLogic[client_clientPhysicalLogic]).
2023-01-05 18:40:04,889 [main] DEBUG (LaLogger@log():118) - Registering component definition of class(org.dbflute.intro.app.logic.client.ClientReadLogic[client_clientReadLogic]).
2023-01-05 18:40:04,894 [main] DEBUG (LaLogger@log():118) - Registering component definition of class(org.dbflute.intro.app.logic.client.ClientUpdateLogic[client_clientUpdateLogic]).
2023-01-05 18:40:04,896 [main] DEBUG (LaLogger@log():118) - Registering component definition of class(org.dbflute.intro.app.logic.client.projectinfra.ClientProjectInfraReadLogic[client_projectinfra_clientProjectInfraReadLogic]).
2023-01-05 18:40:04,900 [main] DEBUG (LaLogger@log():118) - Registering component definition of class(org.dbflute.intro.app.logic.context.AccessContextLogic[context_accessContextLogic]).
2023-01-05 18:40:04,904 [main] DEBUG (LaLogger@log():118) - Registering component definition of class(org.dbflute.intro.app.logic.core.FlutyFileLogic[core_flutyFileLogic]).
2023-01-05 18:40:04,906 [main] DEBUG (LaLogger@log():118) - Registering component definition of class(org.dbflute.intro.app.logic.core.MapStringLogic[core_mapStringLogic]).
2023-01-05 18:40:04,911 [main] DEBUG (LaLogger@log():118) - Registering component definition of class(org.dbflute.intro.app.logic.core.PublicPropertiesLogic[core_publicPropertiesLogic]).
2023-01-05 18:40:04,916 [main] DEBUG (LaLogger@log():118) - Registering component definition of class(org.dbflute.intro.app.logic.dfprop.basic.BasicInfoLogic[dfprop_basic_basicInfoLogic]).
2023-01-05 18:40:04,923 [main] DEBUG (LaLogger@log():118) - Registering component definition of class(org.dbflute.intro.app.logic.dfprop.database.DatabaseInfoLogic[dfprop_database_databaseInfoLogic]).
2023-01-05 18:40:04,925 [main] DEBUG (LaLogger@log():118) - Registering component definition of class(org.dbflute.intro.app.logic.dfprop.DfpropPhysicalLogic[dfprop_dfpropPhysicalLogic]).
2023-01-05 18:40:04,930 [main] DEBUG (LaLogger@log():118) - Registering component definition of class(org.dbflute.intro.app.logic.dfprop.DfpropReadLogic[dfprop_dfpropReadLogic]).
2023-01-05 18:40:04,934 [main] DEBUG (LaLogger@log():118) - Registering component definition of class(org.dbflute.intro.app.logic.dfprop.DfpropUpdateLogic[dfprop_dfpropUpdateLogic]).
2023-01-05 18:40:04,944 [main] DEBUG (LaLogger@log():118) - Registering component definition of class(org.dbflute.intro.app.logic.dfprop.schemapolicy.DfpropSchemaPolicyDefLogic[dfprop_schemapolicy_dfpropSchemaPolicyDefLogic]).
2023-01-05 18:40:04,951 [main] DEBUG (LaLogger@log():118) - Registering component definition of class(org.dbflute.intro.app.logic.dfprop.schemapolicy.DfpropSchemaPolicyReadLogic[dfprop_schemapolicy_dfpropSchemaPolicyReadLogic]).
2023-01-05 18:40:04,963 [main] DEBUG (LaLogger@log():118) - Registering component definition of class(org.dbflute.intro.app.logic.dfprop.schemapolicy.DfpropSchemaPolicyUpdateLogic[dfprop_schemapolicy_dfpropSchemaPolicyUpdateLogic]).
2023-01-05 18:40:04,964 [main] DEBUG (LaLogger@log():118) - Registering component definition of class(org.dbflute.intro.app.logic.dfprop.schemapolicy.file.DfpropSchemaPolicyFileCommentLogic[dfprop_schemapolicy_file_dfpropSchemaPolicyFileCommentLogic]).
2023-01-05 18:40:04,977 [main] DEBUG (LaLogger@log():118) - Registering component definition of class(org.dbflute.intro.app.logic.dfprop.schemapolicy.file.DfpropSchemaPolicyFileReplaceLogic[dfprop_schemapolicy_file_dfpropSchemaPolicyFileReplaceLogic]).
2023-01-05 18:40:04,981 [main] DEBUG (LaLogger@log():118) - Registering component definition of class(org.dbflute.intro.app.logic.dfprop.TestConnectionLogic[dfprop_testConnectionLogic]).
2023-01-05 18:40:04,998 [main] DEBUG (LaLogger@log():118) - Registering component definition of class(org.dbflute.intro.app.logic.document.decomment.DocumentDecommentPhysicalLogic[document_decomment_documentDecommentPhysicalLogic]).
2023-01-05 18:40:05,001 [main] DEBUG (LaLogger@log():118) - Registering component definition of class(org.dbflute.intro.app.logic.document.DocumentAuthorLogic[document_documentAuthorLogic]).
2023-01-05 18:40:05,008 [main] DEBUG (LaLogger@log():118) - Registering component definition of class(org.dbflute.intro.app.logic.document.DocumentDisplayLogic[document_documentDisplayLogic]).
2023-01-05 18:40:05,012 [main] DEBUG (LaLogger@log():118) - Registering component definition of class(org.dbflute.intro.app.logic.document.DocumentPhysicalLogic[document_documentPhysicalLogic]).
2023-01-05 18:40:05,013 [main] DEBUG (LaLogger@log():118) - Registering component definition of class(org.dbflute.intro.app.logic.document.hacomment.DocumentHacommentPhysicalLogic[document_hacomment_documentHacommentPhysicalLogic]).
2023-01-05 18:40:05,019 [main] DEBUG (LaLogger@log():118) - Registering component definition of class(org.dbflute.intro.app.logic.engine.EngineInstallLogic[engine_engineInstallLogic]).
2023-01-05 18:40:05,020 [main] DEBUG (LaLogger@log():118) - Registering component definition of class(org.dbflute.intro.app.logic.engine.EnginePhysicalLogic[engine_enginePhysicalLogic]).
2023-01-05 18:40:05,023 [main] DEBUG (LaLogger@log():118) - Registering component definition of class(org.dbflute.intro.app.logic.engine.EngineReadLogic[engine_engineReadLogic]).
2023-01-05 18:40:05,031 [main] DEBUG (LaLogger@log():118) - Registering component definition of class(org.dbflute.intro.app.logic.intro.IntroPhysicalLogic[intro_introPhysicalLogic]).
2023-01-05 18:40:05,033 [main] DEBUG (LaLogger@log():118) - Registering component definition of class(org.dbflute.intro.app.logic.intro.IntroReadLogic[intro_introReadLogic]).
2023-01-05 18:40:05,034 [main] DEBUG (LaLogger@log():118) - Registering component definition of class(org.dbflute.intro.app.logic.intro.IntroSystemLogic[intro_introSystemLogic]).
2023-01-05 18:40:05,038 [main] DEBUG (LaLogger@log():118) - Registering component definition of class(org.dbflute.intro.app.logic.log.LogPhysicalLogic[log_logPhysicalLogic]).
2023-01-05 18:40:05,040 [main] DEBUG (LaLogger@log():118) - Registering component definition of class(org.dbflute.intro.app.logic.playsql.data.PlaysqlDataLogic[playsql_data_playsqlDataLogic]).
2023-01-05 18:40:05,044 [main] DEBUG (LaLogger@log():118) - Registering component definition of class(org.dbflute.intro.app.logic.playsql.migration.info.PlaysqlMigrationReadLogic[playsql_migration_info_playsqlMigrationReadLogic]).
2023-01-05 18:40:05,052 [main] DEBUG (LaLogger@log():118) - Registering component definition of class(org.dbflute.intro.app.logic.playsql.migration.PlaysqlMigrationPhysicalLogic[playsql_migration_playsqlMigrationPhysicalLogic]).
2023-01-05 18:40:05,055 [main] DEBUG (LaLogger@log():118) - Registering component definition of class(org.dbflute.intro.app.logic.playsql.migration.PlaysqlMigrationUpdateLogic[playsql_migration_playsqlMigrationUpdateLogic]).
2023-01-05 18:40:05,055 [main] DEBUG (LaLogger@log():118) - Registering component definition of class(org.dbflute.intro.app.logic.playsql.PlaysqlPhysicalLogic[playsql_playsqlPhysicalLogic]).
2023-01-05 18:40:05,061 [main] DEBUG (LaLogger@log():118) - Registering component definition of class(org.dbflute.intro.app.logic.task.TaskExecutionLogic[task_taskExecutionLogic]).
2023-01-05 18:40:05,076 [main] DEBUG (LaLogger@log():118) - Registering component definition of class(org.dbflute.intro.app.web.base.cls.IntroClsAssist[base_cls_introClsAssist]).
2023-01-05 18:40:05,182 [main] DEBUG (LaLogger@log():118) - Registering component definition of class(org.dbflute.intro.app.web.client.ClientAction[client_clientAction]).
2023-01-05 18:40:05,183 [main] DEBUG (LaLogger@log():118) - Registering component definition of class(org.dbflute.intro.app.web.client.ClientUpdateAssist[client_clientUpdateAssist]).
2023-01-05 18:40:05,193 [main] DEBUG (LaLogger@log():118) - Registering component definition of class(org.dbflute.intro.app.web.client.list.ClientListAction[client_list_clientListAction]).
2023-01-05 18:40:05,201 [main] DEBUG (LaLogger@log():118) - Registering component definition of class(org.dbflute.intro.app.web.client.propbase.ClientPropbaseAction[client_propbase_clientPropbaseAction]).
2023-01-05 18:40:05,207 [main] DEBUG (LaLogger@log():118) - Registering component definition of class(org.dbflute.intro.app.web.dfprop.DfpropAction[dfprop_dfpropAction]).
2023-01-05 18:40:05,213 [main] DEBUG (LaLogger@log():118) - Registering component definition of class(org.dbflute.intro.app.web.dfprop.document.DfpropDocumentAction[dfprop_document_dfpropDocumentAction]).
2023-01-05 18:40:05,223 [main] DEBUG (LaLogger@log():118) - Registering component definition of class(org.dbflute.intro.app.web.dfprop.schemapolicy.DfpropSchemapolicyAction[dfprop_schemapolicy_dfpropSchemapolicyAction]).
2023-01-05 18:40:05,243 [main] DEBUG (LaLogger@log():118) - Registering component definition of class(org.dbflute.intro.app.web.dfprop.schemapolicy.statement.DfpropSchemapolicyStatementAction[dfprop_schemapolicy_statement_dfpropSchemapolicyStatementAction]).
2023-01-05 18:40:05,255 [main] DEBUG (LaLogger@log():118) - Registering component definition of class(org.dbflute.intro.app.web.dfprop.schemasync.DfpropSchemasyncAction[dfprop_schemasync_dfpropSchemasyncAction]).
2023-01-05 18:40:05,263 [main] DEBUG (LaLogger@log():118) - Registering component definition of class(org.dbflute.intro.app.web.dfprop.settings.DfpropSettingsAction[dfprop_settings_dfpropSettingsAction]).
2023-01-05 18:40:05,292 [main] DEBUG (LaLogger@log():118) - Registering component definition of class(org.dbflute.intro.app.web.document.decomment.DocumentDecommentAction[document_decomment_documentDecommentAction]).
2023-01-05 18:40:05,292 [main] DEBUG (LaLogger@log():118) - Registering component definition of class(org.dbflute.intro.app.web.document.DocumentAction[document_documentAction]).
2023-01-05 18:40:05,311 [main] DEBUG (LaLogger@log():118) - Registering component definition of class(org.dbflute.intro.app.web.document.hacomment.DocumentHacommentAction[document_hacomment_documentHacommentAction]).
2023-01-05 18:40:05,311 [main] DEBUG (LaLogger@log():118) - Registering component definition of class(org.dbflute.intro.app.web.engine.EngineAction[engine_engineAction]).
2023-01-05 18:40:05,311 [main] DEBUG (LaLogger@log():118) - Registering component definition of class(org.dbflute.intro.app.web.intro.IntroAction[intro_introAction]).
2023-01-05 18:40:05,323 [main] DEBUG (LaLogger@log():118) - Registering component definition of class(org.dbflute.intro.app.web.log.LogAction[log_logAction]).
2023-01-05 18:40:05,327 [main] DEBUG (LaLogger@log():118) - Registering component definition of class(org.dbflute.intro.app.web.playsql.data.PlaysqlDataAction[playsql_data_playsqlDataAction]).
2023-01-05 18:40:05,336 [main] DEBUG (LaLogger@log():118) - Registering component definition of class(org.dbflute.intro.app.web.playsql.migration.alter.PlaysqlMigrationAlterAction[playsql_migration_alter_playsqlMigrationAlterAction]).
2023-01-05 18:40:05,338 [main] DEBUG (LaLogger@log():118) - Registering component definition of class(org.dbflute.intro.app.web.playsql.migration.alter.PlaysqlMigrationAlterAssist[playsql_migration_alter_playsqlMigrationAlterAssist]).
2023-01-05 18:40:05,342 [main] DEBUG (LaLogger@log():118) - Registering component definition of class(org.dbflute.intro.app.web.playsql.PlaysqlAction[playsql_playsqlAction]).
2023-01-05 18:40:05,342 [main] DEBUG (LaLogger@log():118) - Registering component definition of class(org.dbflute.intro.app.web.SwaggerAction[swaggerAction]).
2023-01-05 18:40:05,348 [main] DEBUG (LaLogger@log():118) - Registering component definition of class(org.dbflute.intro.app.web.task.TaskAction[task_taskAction]).
2023-01-05 18:40:05,355 [main] DEBUG (LaLogger@log():118) - Registering component definition of class(org.dbflute.intro.app.web.welcome.WelcomeAction[welcome_welcomeAction]).
2023-01-05 18:40:05,360 [main] INFO  (SingletonLaContainerFactory@showBoot():119) - Lasta Di boot successfully.
2023-01-05 18:40:05,363 [main] INFO  (SingletonLaContainerFactory@showBoot():120) -   SmartDeploy Mode: Cool Deploy
2023-01-05 18:40:05,363 [main] INFO  (SingletonLaContainerFactory@showBoot():130) -   Smart Package: org.dbflute.intro.app
2023-01-05 18:40:05,367 [main] INFO  (MessageResourcesHolder@acceptGateway():61) - ...Accepting the gateway of message resources: gateway:{ObjectiveMessageResources:{application=not initialized yet, cached=[no cached bundle]}}
2023-01-05 18:40:05,367 [main] INFO  (DBFluteSystem@unlock():242) - ...Unlocking the DBFlute system
2023-01-05 18:40:05,368 [main] INFO  (DBFluteSystem@setFinalTimeZoneProvider():218) - ...Setting finalTimeZoneProvider: IntroCurtainBeforeHook$1:{Asia/Tokyo}
2023-01-05 18:40:05,371 [main] INFO  (DBFluteSystem@lock():232) - ...Locking the DBFlute system
2023-01-05 18:40:05,378 [main] DEBUG (IntroDBInitializer@createSchema():70) - ...Creating IntroDB: introdb/create-schema.sql
2023-01-05 18:40:05,565 [main] DEBUG (SimpleConnectionPool@createConnection():277) - Created physical connection: tx=null, conn=conn0: url=jdbc:h2:mem:introdb user=INTRODB
2023-01-05 18:40:05,601 [main] DEBUG (IntroDBInitializer@registerTsv():123) - ...Registering TSV: 10-CLS_TARGET_DATABASE.tsv
2023-01-05 18:40:05,738 [main] DEBUG (XLog@log():43) - ...Initializing sqlExecution for the key 'CLS_TARGET_DATABASE:batchInsert(List<ClsTargetDatabase>)'
2023-01-05 18:40:05,797 [main] DEBUG (XLog@log():43) - SqlExecution Initialization Cost: [00m00s059ms]
2023-01-05 18:40:05,807 [main] DEBUG (XLog@log():43) - /==================================================================================
2023-01-05 18:40:05,807 [main] DEBUG (XLog@log():43) -                                                       BehaviorWritable.lumpCreate()
2023-01-05 18:40:05,807 [main] DEBUG (XLog@log():43) -                                                       ============================/
2023-01-05 18:40:05,821 [main] DEBUG (QLog@log():43) - 
insert into CLS_TARGET_DATABASE (DATABASE_CODE, DATABASE_NAME, JDBC_DRIVER_FQCN, URL_TEMPLATE, DEFAULT_SCHEMA, SCHEMA_REQUIRED_FLG, SCHEMA_UPPER_CASE_FLG, USER_INPUT_ASSIST_FLG, EMBEDDED_JAR_FLG, DISPLAY_ORDER)
 values ('mysql', 'MySQL', 'com.mysql.jdbc.Driver', 'jdbc:mysql://localhost:3306/xxx', null, 0, 0, 0, 1, 1);
insert into CLS_TARGET_DATABASE (DATABASE_CODE, DATABASE_NAME, JDBC_DRIVER_FQCN, URL_TEMPLATE, DEFAULT_SCHEMA, SCHEMA_REQUIRED_FLG, SCHEMA_UPPER_CASE_FLG, USER_INPUT_ASSIST_FLG, EMBEDDED_JAR_FLG, DISPLAY_ORDER)
 values ('postgresql', 'PostgreSQL', 'org.postgresql.Driver', 'jdbc:postgresql://localhost:5432/xxx', 'public', 1, 0, 0, 1, 2);
insert into CLS_TARGET_DATABASE (DATABASE_CODE, DATABASE_NAME, JDBC_DRIVER_FQCN, URL_TEMPLATE, DEFAULT_SCHEMA, SCHEMA_REQUIRED_FLG, SCHEMA_UPPER_CASE_FLG, USER_INPUT_ASSIST_FLG, EMBEDDED_JAR_FLG, DISPLAY_ORDER)
 values ('oracle', 'Oracle', 'oracle.jdbc.OracleDriver', 'jdbc:oracle:thin:@localhost:1521:xxx', 'xxx', 1, 1, 1, 0, 3);
insert into CLS_TARGET_DATABASE (DATABASE_CODE, DATABASE_NAME, JDBC_DRIVER_FQCN, URL_TEMPLATE, DEFAULT_SCHEMA, SCHEMA_REQUIRED_FLG, SCHEMA_UPPER_CASE_FLG, USER_INPUT_ASSIST_FLG, EMBEDDED_JAR_FLG, DISPLAY_ORDER)
 values ('db2', 'DB2', 'com.ibm.db2.jcc.DB2Driver', 'jdbc:db2://localhost:50000/xxx', 'xxx', 1, 1, 1, 0, 4);
insert into CLS_TARGET_DATABASE (DATABASE_CODE, DATABASE_NAME, JDBC_DRIVER_FQCN, URL_TEMPLATE, DEFAULT_SCHEMA, SCHEMA_REQUIRED_FLG, SCHEMA_UPPER_CASE_FLG, USER_INPUT_ASSIST_FLG, EMBEDDED_JAR_FLG, DISPLAY_ORDER)
 values ('sqlserver', 'SQLServer', 'com.microsoft.sqlserver.jdbc.SQLServerDriver', 'jdbc:sqlserver://localhost:1433;DatabaseName=xxx;', 'dbo', 1, 0, 0, 0, 5);
insert into CLS_TARGET_DATABASE (DATABASE_CODE, DATABASE_NAME, JDBC_DRIVER_FQCN, URL_TEMPLATE, DEFAULT_SCHEMA, SCHEMA_REQUIRED_FLG, SCHEMA_UPPER_CASE_FLG, USER_INPUT_ASSIST_FLG, EMBEDDED_JAR_FLG, DISPLAY_ORDER)
 values ('h2', 'H2 Database', 'org.h2.Driver', 'jdbc:h2:file:xxx', 'PUBLIC', 1, 0, 0, 1, 6);
insert into CLS_TARGET_DATABASE (DATABASE_CODE, DATABASE_NAME, JDBC_DRIVER_FQCN, URL_TEMPLATE, DEFAULT_SCHEMA, SCHEMA_REQUIRED_FLG, SCHEMA_UPPER_CASE_FLG, USER_INPUT_ASSIST_FLG, EMBEDDED_JAR_FLG, DISPLAY_ORDER)
 values ('derby', 'Apache Derby', 'org.apache.derby.jdbc.EmbeddedDriver', 'jdbc:derby:xxx;create=true', 'xxx', 1, 1, 1, 0, 7);
2023-01-05 18:40:05,831 [main] DEBUG (XLog@log():43) - ===========/ [00m00s016ms all-updated=(7) result={1,1,1,1,1,1,1}]
2023-01-05 18:40:05,831 [main] DEBUG (XLog@log():43) -  
2023-01-05 18:40:05,832 [main] DEBUG (IntroDBInitializer@registerTsv():123) - ...Registering TSV: 12-CLS_TARGET_LANGUAGE.tsv
2023-01-05 18:40:05,837 [main] DEBUG (XLog@log():43) - ...Initializing sqlExecution for the key 'CLS_TARGET_LANGUAGE:batchInsert(List<ClsTargetLanguage>)'
2023-01-05 18:40:05,837 [main] DEBUG (XLog@log():43) - /==================================================================================
2023-01-05 18:40:05,840 [main] DEBUG (XLog@log():43) -                                                       BehaviorWritable.lumpCreate()
2023-01-05 18:40:05,840 [main] DEBUG (XLog@log():43) -                                                       ============================/
2023-01-05 18:40:05,842 [main] DEBUG (QLog@log():43) - 
insert into CLS_TARGET_LANGUAGE (LANGUAGE_CODE, LANGUAGE_NAME, DISPLAY_ORDER)
 values ('java', 'Java', 1);
insert into CLS_TARGET_LANGUAGE (LANGUAGE_CODE, LANGUAGE_NAME, DISPLAY_ORDER)
 values ('csharp', 'C#', 2);
insert into CLS_TARGET_LANGUAGE (LANGUAGE_CODE, LANGUAGE_NAME, DISPLAY_ORDER)
 values ('scala', 'Scala', 3);
2023-01-05 18:40:05,842 [main] DEBUG (XLog@log():43) - ===========/ [00m00s000ms all-updated=(3) result={1,1,1}]
2023-01-05 18:40:05,842 [main] DEBUG (XLog@log():43) -  
2023-01-05 18:40:05,847 [main] DEBUG (IntroDBInitializer@registerTsv():123) - ...Registering TSV: 14-CLS_TARGET_CONTAINER.tsv
2023-01-05 18:40:05,851 [main] DEBUG (XLog@log():43) - ...Initializing sqlExecution for the key 'CLS_TARGET_CONTAINER:batchInsert(List<ClsTargetContainer>)'
2023-01-05 18:40:05,853 [main] DEBUG (XLog@log():43) - SqlExecution Initialization Cost: [00m00s002ms]
2023-01-05 18:40:05,853 [main] DEBUG (XLog@log():43) - /==================================================================================
2023-01-05 18:40:05,853 [main] DEBUG (XLog@log():43) -                                                       BehaviorWritable.lumpCreate()
2023-01-05 18:40:05,853 [main] DEBUG (XLog@log():43) -                                                       ============================/
2023-01-05 18:40:05,853 [main] DEBUG (QLog@log():43) - 
insert into CLS_TARGET_CONTAINER (CONTAINER_CODE, CONTAINER_NAME, DISPLAY_ORDER)
 values ('lasta_di', 'Lasta Di', 1);
insert into CLS_TARGET_CONTAINER (CONTAINER_CODE, CONTAINER_NAME, DISPLAY_ORDER)
 values ('spring', 'Spring Framework', 2);
insert into CLS_TARGET_CONTAINER (CONTAINER_CODE, CONTAINER_NAME, DISPLAY_ORDER)
 values ('guice', 'Google Guice', 3);
insert into CLS_TARGET_CONTAINER (CONTAINER_CODE, CONTAINER_NAME, DISPLAY_ORDER)
 values ('seasar', 'Seasar (S2Container)', 4);
insert into CLS_TARGET_CONTAINER (CONTAINER_CODE, CONTAINER_NAME, DISPLAY_ORDER)
 values ('cdi', 'CDI', 5);
2023-01-05 18:40:05,861 [main] DEBUG (XLog@log():43) - ===========/ [00m00s008ms all-updated=(5) result={1,1,1,1,1}]
2023-01-05 18:40:05,861 [main] DEBUG (XLog@log():43) -  
2023-01-05 18:40:05,869 [main] INFO  (LastaToActionFilter@showBoot():106) - _/_/_/_/_/_/_/_/_/_/_/_/_/_/_/_/_/_/_/_/_/
2023-01-05 18:40:05,869 [main] INFO  (LastaToActionFilter@showBoot():107) -  the system has been initialized:
2023-01-05 18:40:05,869 [main] INFO  (LastaToActionFilter@showBoot():108) - 
2023-01-05 18:40:05,871 [main] INFO  (LastaToActionFilter@showBoot():109) -   -> Intro (Production)
2023-01-05 18:40:05,875 [main] INFO  (LastaToActionFilter@showBoot():110) - _/_/_/_/_/_/_/_/_/_/
2023-01-05 18:40:07,076 [qtp1289479439-20] DEBUG (RequestLoggingFilter@before():405) - * * * * * * * * * * {BEGIN}: /api/intro/manifest
  requestClass=org.eclipse.jetty.server.Request ; sessionId=null
  ; url=http://192.168.0.19:8926/api/intro/manifest
  ; method=POST ; protocol=HTTP/1.1 ; scheme=http ; secure=false ; remoteAddr=192.168.0.19 ; remoteHost=192.168.0.19
  ; characterEncoding=UTF-8 ; contentLength=0 ; contentType=null ; locale=ja ; locales=ja,en,en_GB,en_US
  [header] Accept=*/*
  [header] Accept-Encoding=gzip, deflate
  [header] Accept-Language=ja,en;q=0.9,en-GB;q=0.8,en-US;q=0.7
  [header] Connection=keep-alive
  [header] Content-Length=0
  [header] Host=192.168.0.19:8926
  [header] Origin=http://192.168.0.19:8926
  [header] Referer=http://192.168.0.19:8926/
  [header] User-Agent=Mozilla/5.0 (Windows NT 10.0; Win64; x64) AppleWebKit/537.36 (KHTML, like Gecko) Chrome/108.0.0.0 Safari/537.36 Edg/108.0.1462.54
2023-01-05 18:40:07,076 [qtp1289479439-18] DEBUG (RequestLoggingFilter@before():405) - * * * * * * * * * * {BEGIN}: /api/engine/versions
  requestClass=org.eclipse.jetty.server.Request ; sessionId=null
  ; url=http://192.168.0.19:8926/api/engine/versions
  ; method=POST ; protocol=HTTP/1.1 ; scheme=http ; secure=false ; remoteAddr=192.168.0.19 ; remoteHost=192.168.0.19
  ; characterEncoding=UTF-8 ; contentLength=0 ; contentType=null ; locale=ja ; locales=ja,en,en_GB,en_US
  [header] Accept=*/*
  [header] Accept-Encoding=gzip, deflate
  [header] Accept-Language=ja,en;q=0.9,en-GB;q=0.8,en-US;q=0.7
  [header] Connection=keep-alive
  [header] Content-Length=0
  [header] Host=192.168.0.19:8926
  [header] Origin=http://192.168.0.19:8926
  [header] Referer=http://192.168.0.19:8926/
  [header] User-Agent=Mozilla/5.0 (Windows NT 10.0; Win64; x64) AppleWebKit/537.36 (KHTML, like Gecko) Chrome/108.0.0.0 Safari/537.36 Edg/108.0.1462.54
2023-01-05 18:40:07,079 [qtp1289479439-16] DEBUG (RequestLoggingFilter@before():405) - * * * * * * * * * * {BEGIN}: /api/client/list
  requestClass=org.eclipse.jetty.server.Request ; sessionId=null
  ; url=http://192.168.0.19:8926/api/client/list
  ; method=POST ; protocol=HTTP/1.1 ; scheme=http ; secure=false ; remoteAddr=192.168.0.19 ; remoteHost=192.168.0.19
  ; characterEncoding=UTF-8 ; contentLength=0 ; contentType=null ; locale=ja ; locales=ja,en,en_GB,en_US
  [header] Accept=*/*
  [header] Accept-Encoding=gzip, deflate
  [header] Accept-Language=ja,en;q=0.9,en-GB;q=0.8,en-US;q=0.7
  [header] Connection=keep-alive
  [header] Content-Length=0
  [header] Host=192.168.0.19:8926
  [header] Origin=http://192.168.0.19:8926
  [header] Referer=http://192.168.0.19:8926/
  [header] User-Agent=Mozilla/5.0 (Windows NT 10.0; Win64; x64) AppleWebKit/537.36 (KHTML, like Gecko) Chrome/108.0.0.0 Safari/537.36 Edg/108.0.1462.54
2023-01-05 18:40:07,084 [qtp1289479439-18] DEBUG (RequestRoutingFilter@processAction():284) - ...Routing to action: name=engine_engineAction params={versions}
2023-01-05 18:40:07,079 [qtp1289479439-22] DEBUG (RequestLoggingFilter@before():405) - * * * * * * * * * * {BEGIN}: /api/engine/latest
  requestClass=org.eclipse.jetty.server.Request ; sessionId=null
  ; url=http://192.168.0.19:8926/api/engine/latest
  ; method=POST ; protocol=HTTP/1.1 ; scheme=http ; secure=false ; remoteAddr=192.168.0.19 ; remoteHost=192.168.0.19
  ; characterEncoding=UTF-8 ; contentLength=0 ; contentType=null ; locale=ja ; locales=ja,en,en_GB,en_US
  [header] Accept=*/*
  [header] Accept-Encoding=gzip, deflate
  [header] Accept-Language=ja,en;q=0.9,en-GB;q=0.8,en-US;q=0.7
  [header] Connection=keep-alive
  [header] Content-Length=0
  [header] Host=192.168.0.19:8926
  [header] Origin=http://192.168.0.19:8926
  [header] Referer=http://192.168.0.19:8926/
  [header] User-Agent=Mozilla/5.0 (Windows NT 10.0; Win64; x64) AppleWebKit/537.36 (KHTML, like Gecko) Chrome/108.0.0.0 Safari/537.36 Edg/108.0.1462.54
2023-01-05 18:40:07,090 [qtp1289479439-18] DEBUG (RequestRoutingFilter@processAction():285) -  by the mapping path: /engine/versions
2023-01-05 18:40:07,090 [qtp1289479439-22] DEBUG (RequestRoutingFilter@processAction():284) - ...Routing to action: name=engine_engineAction params={latest}
2023-01-05 18:40:07,091 [qtp1289479439-20] DEBUG (RequestRoutingFilter@processAction():284) - ...Routing to action: name=intro_introAction params={manifest}
2023-01-05 18:40:07,091 [qtp1289479439-16] DEBUG (RequestRoutingFilter@processAction():284) - ...Routing to action: name=client_list_clientListAction params={}
2023-01-05 18:40:07,093 [qtp1289479439-36] DEBUG (RequestLoggingFilter@before():405) - * * * * * * * * * * {BEGIN}: /api/intro/configuration
  requestClass=org.eclipse.jetty.server.Request ; sessionId=null
  ; url=http://192.168.0.19:8926/api/intro/configuration
  ; method=POST ; protocol=HTTP/1.1 ; scheme=http ; secure=false ; remoteAddr=192.168.0.19 ; remoteHost=192.168.0.19
  ; characterEncoding=UTF-8 ; contentLength=0 ; contentType=null ; locale=ja ; locales=ja,en,en_GB,en_US
  [header] Accept=*/*
  [header] Accept-Encoding=gzip, deflate
  [header] Accept-Language=ja,en;q=0.9,en-GB;q=0.8,en-US;q=0.7
  [header] Connection=keep-alive
  [header] Content-Length=0
  [header] Host=192.168.0.19:8926
  [header] Origin=http://192.168.0.19:8926
  [header] Referer=http://192.168.0.19:8926/
  [header] User-Agent=Mozilla/5.0 (Windows NT 10.0; Win64; x64) AppleWebKit/537.36 (KHTML, like Gecko) Chrome/108.0.0.0 Safari/537.36 Edg/108.0.1462.54
2023-01-05 18:40:07,093 [qtp1289479439-22] DEBUG (RequestRoutingFilter@processAction():285) -  by the mapping path: /engine/latest
2023-01-05 18:40:07,094 [qtp1289479439-20] DEBUG (RequestRoutingFilter@processAction():285) -  by the mapping path: /intro/manifest
2023-01-05 18:40:07,099 [qtp1289479439-16] DEBUG (RequestRoutingFilter@processAction():285) -  by the mapping path: /client/list
2023-01-05 18:40:07,099 [qtp1289479439-36] DEBUG (RequestRoutingFilter@processAction():284) - ...Routing to action: name=intro_introAction params={configuration}
2023-01-05 18:40:07,116 [qtp1289479439-36] DEBUG (RequestRoutingFilter@processAction():285) -  by the mapping path: /intro/configuration
2023-01-05 18:40:07,118 [qtp1289479439-18] DEBUG (SimpleRequestManager@saveUserLocaleToSession():738) - ...Saving user locale to session: ja
2023-01-05 18:40:07,118 [qtp1289479439-20] DEBUG (SimpleRequestManager@saveUserLocaleToSession():738) - ...Saving user locale to session: ja
2023-01-05 18:40:07,118 [qtp1289479439-22] DEBUG (SimpleRequestManager@saveUserLocaleToSession():738) - ...Saving user locale to session: ja
2023-01-05 18:40:07,118 [qtp1289479439-16] DEBUG (SimpleRequestManager@saveUserLocaleToSession():738) - ...Saving user locale to session: ja
2023-01-05 18:40:07,120 [qtp1289479439-36] DEBUG (SimpleRequestManager@saveUserLocaleToSession():738) - ...Saving user locale to session: ja
2023-01-05 18:40:07,140 [qtp1289479439-18] DEBUG (GodHandableAction@showBefore():266) - #flow ...Calling back #before for EngineAction
2023-01-05 18:40:07,141 [qtp1289479439-22] DEBUG (ActionFormMapper@prepareJsonFromRequestBody():235) - #flow ...Parsing JSON from request body: *empty body
2023-01-05 18:40:07,146 [qtp1289479439-20] DEBUG (GodHandableAction@showBefore():266) - #flow ...Calling back #before for IntroAction
2023-01-05 18:40:07,149 [qtp1289479439-16] DEBUG (GodHandableAction@showBefore():266) - #flow ...Calling back #before for ClientListAction
2023-01-05 18:40:07,152 [qtp1289479439-36] DEBUG (GodHandableAction@showBefore():266) - #flow ...Calling back #before for IntroAction
2023-01-05 18:40:07,159 [qtp1289479439-22] DEBUG (GodHandableAction@showBefore():266) - #flow ...Calling back #before for EngineAction
2023-01-05 18:40:07,224 [qtp1289479439-18] DEBUG (LaTransaction@begin():83) - Begin transaction: [FormatId=4360, GlobalId=1672911607223/0, BranchId=]
2023-01-05 18:40:07,224 [qtp1289479439-20] DEBUG (LaTransaction@begin():83) - Begin transaction: [FormatId=4360, GlobalId=1672911607223/4, BranchId=]
2023-01-05 18:40:07,224 [qtp1289479439-22] DEBUG (LaTransaction@begin():83) - Begin transaction: [FormatId=4360, GlobalId=1672911607223/1, BranchId=]
2023-01-05 18:40:07,224 [qtp1289479439-16] DEBUG (LaTransaction@begin():83) - Begin transaction: [FormatId=4360, GlobalId=1672911607223/3, BranchId=]
2023-01-05 18:40:07,224 [qtp1289479439-36] DEBUG (LaTransaction@begin():83) - Begin transaction: [FormatId=4360, GlobalId=1672911607223/2, BranchId=]
2023-01-05 18:40:07,225 [qtp1289479439-18] DEBUG (GodHandableAction@showAction():348) - #flow ...Beginning #action EngineAction@versions()
2023-01-05 18:40:07,230 [qtp1289479439-20] DEBUG (GodHandableAction@showAction():348) - #flow ...Beginning #action IntroAction@manifest()
2023-01-05 18:40:07,230 [qtp1289479439-22] DEBUG (GodHandableAction@showAction():348) - #flow ...Beginning #action EngineAction@latest()
2023-01-05 18:40:07,231 [qtp1289479439-16] DEBUG (GodHandableAction@showAction():348) - #flow ...Beginning #action ClientListAction@index()
2023-01-05 18:40:07,231 [qtp1289479439-36] DEBUG (GodHandableAction@showAction():348) - #flow ...Beginning #action IntroAction@configuration()
2023-01-05 18:40:07,709 [qtp1289479439-22] DEBUG (LaTransaction@commit():210) - Commit transaction: [FormatId=4360, GlobalId=1672911607223/1, BranchId=]
2023-01-05 18:40:07,719 [qtp1289479439-22] DEBUG (GodHandableAction@showFinally():306) - #flow ...Calling back #finally for EngineAction
2023-01-05 18:40:07,738 [qtp1289479439-22] DEBUG (ResponseWritePerformer@showWritingResponse():75) - #flow ...Writing response as application/json; charset=UTF-8: 
{"latestReleaseVersion":"1.2.6","latestSnapshotVersion":"1.2.6"}
2023-01-05 18:40:07,789 [qtp1289479439-22] DEBUG (RequestLoggingFilter@after():480) - 
  responseClass=org.eclipse.jetty.server.Response ; committed=true
  ; httpStatus=200 ; contentType=application/json;charset=utf-8 ; locale=ja_JP
  [header] Content-Type=application/json;charset=utf-8
  [header] Date=Thu, 05 Jan 2023 09:40:07 GMT
  [header] Expires=Thu, 01 Jan 1970 00:00:00 GMT
  [header] Set-Cookie=JSESSIONID=node0x1fg8z3yj0nl1acp4q8w4x9zn0.node0; Path=/
  [request] engine_engineAction=org.dbflute.intro.app.web.engine.EngineAction@763da829
  [request] engine_engineAction_latest_Form=VirtualForm:{formMeta:{engine_engineAction_latest_Form, org.dbflute.intro.app.web.engine.EngineLatestBody, props=1}, realForm=org.dbflute.intro.app.web.engine.EngineLatestBody@33bff5b3}@3f15db01
  [request] lastaflute.action.ACTION_RUMTIME=runtime:{/api/engine/latest, public JsonResponse<EngineLatestBean> EngineAction@latest(EngineLatestBody), pathParam:{{}}, JsonResponse:{EngineLatestBean}}
  [request] lastaflute.action.USER_LOCALE=ja
  [request] lastaflute.config.ACTION_EXECUTE=execute:{public JsonResponse<EngineLatestBean> EngineAction@latest(EngineLatestBody), urlPattern:{latest, ^latest$}}@28587f0d
  [request] lastaflute.dbflute.SQL_COUNT={total=0}
  [request] org.eclipse.jetty.server.newSessionId=node0x1fg8z3yj0nl1acp4q8w4x9zn0
  [session] lastaflute.action.USER_LOCALE=ja
* * * * * * * * * * {END}: /api/engine/latest [00m00s708ms]


2023-01-05 18:40:07,843 [qtp1289479439-18] DEBUG (LaTransaction@commit():210) - Commit transaction: [FormatId=4360, GlobalId=1672911607223/0, BranchId=]
2023-01-05 18:40:07,845 [qtp1289479439-18] DEBUG (GodHandableAction@showFinally():306) - #flow ...Calling back #finally for EngineAction
2023-01-05 18:40:07,843 [qtp1289479439-16] DEBUG (LaTransaction@commit():210) - Commit transaction: [FormatId=4360, GlobalId=1672911607223/3, BranchId=]
2023-01-05 18:40:07,906 [qtp1289479439-16] DEBUG (GodHandableAction@showFinally():306) - #flow ...Calling back #finally for ClientListAction
2023-01-05 18:40:07,910 [qtp1289479439-18] DEBUG (ResponseWritePerformer@showWritingResponse():75) - #flow ...Writing response as application/json; charset=UTF-8: 
["1.2.6"]
2023-01-05 18:40:07,922 [qtp1289479439-16] DEBUG (ResponseWritePerformer@showWritingResponse():75) - #flow ...Writing response as application/json; charset=UTF-8: 
[{"projectName":"dbflute_sample","databaseCode":"mysql","languageCode":"java","containerCode":"spring"}]
2023-01-05 18:40:07,927 [qtp1289479439-36] DEBUG (LaTransaction@commit():210) - Commit transaction: [FormatId=4360, GlobalId=1672911607223/2, BranchId=]
2023-01-05 18:40:07,929 [qtp1289479439-20] DEBUG (LaTransaction@commit():210) - Commit transaction: [FormatId=4360, GlobalId=1672911607223/4, BranchId=]
2023-01-05 18:40:07,924 [qtp1289479439-18] DEBUG (RequestLoggingFilter@after():480) - 
  responseClass=org.eclipse.jetty.server.Response ; committed=true
  ; httpStatus=200 ; contentType=application/json;charset=utf-8 ; locale=ja_JP
  [header] Content-Type=application/json;charset=utf-8
  [header] Date=Thu, 05 Jan 2023 09:40:07 GMT
  [header] Expires=Thu, 01 Jan 1970 00:00:00 GMT
  [header] Set-Cookie=JSESSIONID=node01pe37vmxz1cx73mcp462viey51.node0; Path=/
  [request] engine_engineAction=org.dbflute.intro.app.web.engine.EngineAction@1a82a763
  [request] lastaflute.action.ACTION_RUMTIME=runtime:{/api/engine/versions, public JsonResponse<List<String>> EngineAction@versions(), pathParam:{{}}, JsonResponse:{ArrayList}}
  [request] lastaflute.action.USER_LOCALE=ja
  [request] lastaflute.config.ACTION_EXECUTE=execute:{public JsonResponse<List<String>> EngineAction@versions(), urlPattern:{versions, ^versions$}}@7c6df1f4
  [request] lastaflute.dbflute.SQL_COUNT={total=0}
  [request] org.eclipse.jetty.server.newSessionId=node01pe37vmxz1cx73mcp462viey51
  [session] lastaflute.action.USER_LOCALE=ja
* * * * * * * * * * {END}: /api/engine/versions [00m00s857ms]


2023-01-05 18:40:07,930 [qtp1289479439-16] DEBUG (RequestLoggingFilter@after():480) - 
  responseClass=org.eclipse.jetty.server.Response ; committed=true
  ; httpStatus=200 ; contentType=application/json;charset=utf-8 ; locale=ja_JP
  [header] Content-Type=application/json;charset=utf-8
  [header] Date=Thu, 05 Jan 2023 09:40:07 GMT
  [header] Expires=Thu, 01 Jan 1970 00:00:00 GMT
  [header] Set-Cookie=JSESSIONID=node07wlqj6ki7yc31f6scbtuoa1n93.node0; Path=/
  [request] client_list_clientListAction=org.dbflute.intro.app.web.client.list.ClientListAction@20de5cad
  [request] lastaflute.action.ACTION_RUMTIME=runtime:{/api/client/list, public JsonResponse<List<ClientRowResult>> ClientListAction@index(), pathParam:{{}}, JsonResponse:{ArrayList}}
  [request] lastaflute.action.USER_LOCALE=ja
  [request] lastaflute.config.ACTION_EXECUTE=execute:{public JsonResponse<List<ClientRowResult>> ClientListAction@index(), urlPattern:{, ^$}}@52123fd6
  [request] lastaflute.dbflute.SQL_COUNT={total=0}
  [request] org.eclipse.jetty.server.newSessionId=node07wlqj6ki7yc31f6scbtuoa1n93
  [session] lastaflute.action.USER_LOCALE=ja
* * * * * * * * * * {END}: /api/client/list [00m00s850ms]


2023-01-05 18:40:07,931 [qtp1289479439-20] DEBUG (GodHandableAction@showFinally():306) - #flow ...Calling back #finally for IntroAction
2023-01-05 18:40:07,931 [qtp1289479439-36] DEBUG (GodHandableAction@showFinally():306) - #flow ...Calling back #finally for IntroAction
2023-01-05 18:40:07,947 [qtp1289479439-20] DEBUG (ResponseWritePerformer@showWritingResponse():75) - #flow ...Writing response as application/json; charset=UTF-8: 
{"Manifest-Version":"1.0","Implementation-Title":"dbflute-intro","Implementation-Version":"0.6.0","SCM-Branch":"master","SCM-Revision":"aa74dfb516c6b43693c7722bb3ec46a44b174ec4","Build-Timestamp":"2022/07/13 20:08:05.428","Jenkins-Build-Number":"","Main-Class":"org.dbflute.intro.IntroBoot"}
2023-01-05 18:40:07,947 [qtp1289479439-36] DEBUG (ResponseWritePerformer@showWritingResponse():75) - #flow ...Writing response as application/json; charset=UTF-8: 
{"serverUrl":"http://null/","apiServerUrl":"http://null/api/"}
2023-01-05 18:40:07,960 [qtp1289479439-36] DEBUG (RequestLoggingFilter@after():480) - 
  responseClass=org.eclipse.jetty.server.Response ; committed=true
  ; httpStatus=200 ; contentType=application/json;charset=utf-8 ; locale=ja_JP
  [header] Content-Type=application/json;charset=utf-8
  [header] Date=Thu, 05 Jan 2023 09:40:07 GMT
  [header] Expires=Thu, 01 Jan 1970 00:00:00 GMT
  [header] Set-Cookie=JSESSIONID=node0nj6xzomr927l2wp2cyhkbxwr4.node0; Path=/
  [request] intro_introAction=org.dbflute.intro.app.web.intro.IntroAction@71128c00
  [request] lastaflute.action.ACTION_RUMTIME=runtime:{/api/intro/configuration, public JsonResponse<Map<String>> IntroAction@configuration(), pathParam:{{}}, JsonResponse:{LinkedHashMap}}
  [request] lastaflute.action.USER_LOCALE=ja
  [request] lastaflute.config.ACTION_EXECUTE=execute:{public JsonResponse<Map<String>> IntroAction@configuration(), urlPattern:{configuration, ^configuration$}}@cceef2a
  [request] lastaflute.dbflute.SQL_COUNT={total=0}
  [request] org.eclipse.jetty.server.newSessionId=node0nj6xzomr927l2wp2cyhkbxwr4
  [session] lastaflute.action.USER_LOCALE=ja
* * * * * * * * * * {END}: /api/intro/configuration [00m00s868ms]


2023-01-05 18:40:07,962 [qtp1289479439-20] DEBUG (RequestLoggingFilter@after():480) - 
  responseClass=org.eclipse.jetty.server.Response ; committed=true
  ; httpStatus=200 ; contentType=application/json;charset=utf-8 ; locale=ja_JP
  [header] Content-Type=application/json;charset=utf-8
  [header] Date=Thu, 05 Jan 2023 09:40:07 GMT
  [header] Expires=Thu, 01 Jan 1970 00:00:00 GMT
  [header] Set-Cookie=JSESSIONID=node0xl7is8vkaq9fxx3239rwl9a72.node0; Path=/
  [request] intro_introAction=org.dbflute.intro.app.web.intro.IntroAction@ae3e500
  [request] lastaflute.action.ACTION_RUMTIME=runtime:{/api/intro/manifest, public JsonResponse<Map<String>> IntroAction@manifest(), pathParam:{{}}, JsonResponse:{LinkedHashMap}}
  [request] lastaflute.action.USER_LOCALE=ja
  [request] lastaflute.config.ACTION_EXECUTE=execute:{public JsonResponse<Map<String>> IntroAction@manifest(), urlPattern:{manifest, ^manifest$}}@43b264f0
  [request] lastaflute.dbflute.SQL_COUNT={total=0}
  [request] org.eclipse.jetty.server.newSessionId=node0xl7is8vkaq9fxx3239rwl9a72
  [session] lastaflute.action.USER_LOCALE=ja
* * * * * * * * * * {END}: /api/intro/manifest [00m00s897ms]


2023-01-05 18:50:06,380 [LastaDi-JTA-TimeoutManager] DEBUG (ConnectionWrapperImpl@closeReally():142) - Closed the physical connection: 
HookedConnectionWrapper:{closed, xaConnection:{xaResource:{null, status=0}}@2a869ee0}@244165c0
 closeReally(): caller1::org.lastaflute.db.dbcp.HookedConnectionWrapper@closeReally(), caller5::java.lang.Thread@run(), null, null
