2023-01-06 10:18:40,715 [qtp1289479439-19] DEBUG (RequestLoggingFilter@before():405) - * * * * * * * * * * {BEGIN}: /api/client/propbase/dbflute_sample
  requestClass=org.eclipse.jetty.server.Request ; sessionId=node0nj6xzomr927l2wp2cyhkbxwr4.node0
  ; url=http://192.168.0.19:8926/api/client/propbase/dbflute_sample
  ; method=POST ; protocol=HTTP/1.1 ; scheme=http ; secure=false ; remoteAddr=192.168.0.19 ; remoteHost=192.168.0.19
  ; characterEncoding=UTF-8 ; contentLength=0 ; contentType=null ; locale=ja ; locales=ja,en,en_GB,en_US
  [header] Accept=*/*
  [header] Accept-Encoding=gzip, deflate
  [header] Accept-Language=ja,en;q=0.9,en-GB;q=0.8,en-US;q=0.7
  [header] Connection=keep-alive
  [header] Content-Length=0
  [header] Cookie=JSESSIONID=node0nj6xzomr927l2wp2cyhkbxwr4.node0
  [header] Host=192.168.0.19:8926
  [header] Origin=http://192.168.0.19:8926
  [header] Referer=http://192.168.0.19:8926/
  [header] User-Agent=Mozilla/5.0 (Windows NT 10.0; Win64; x64) AppleWebKit/537.36 (KHTML, like Gecko) Chrome/108.0.0.0 Safari/537.36 Edg/108.0.1462.54
  [cookie] JSESSIONID=node0nj6xzomr927l2wp2cyhkbxwr4.node0
2023-01-06 10:18:40,730 [qtp1289479439-19] DEBUG (RequestRoutingFilter@processAction():284) - ...Routing to action: name=client_propbase_clientPropbaseAction params={dbflute_sample}
2023-01-06 10:18:40,735 [qtp1289479439-19] DEBUG (RequestRoutingFilter@processAction():285) -  by the mapping path: /client/propbase/dbflute_sample
2023-01-06 10:18:40,746 [qtp1289479439-19] DEBUG (SimpleRequestManager@saveUserLocaleToSession():738) - ...Saving user locale to session: ja
2023-01-06 10:18:40,755 [qtp1289479439-19] DEBUG (GodHandableAction@showBefore():266) - #flow ...Calling back #before for ClientPropbaseAction
2023-01-06 10:18:40,758 [qtp1289479439-19] DEBUG (LaTransaction@begin():83) - Begin transaction: [FormatId=4360, GlobalId=1672911607223/5, BranchId=]
2023-01-06 10:18:40,760 [qtp1289479439-19] DEBUG (GodHandableAction@showAction():348) - #flow ...Beginning #action ClientPropbaseAction@index()
2023-01-06 10:18:40,812 [qtp1289479439-19] DEBUG (LaTransaction@commit():210) - Commit transaction: [FormatId=4360, GlobalId=1672911607223/5, BranchId=]
2023-01-06 10:18:40,814 [qtp1289479439-19] DEBUG (GodHandableAction@showFinally():306) - #flow ...Calling back #finally for ClientPropbaseAction
2023-01-06 10:18:40,818 [qtp1289479439-19] DEBUG (ResponseWritePerformer@showWritingResponse():75) - #flow ...Writing response as application/json; charset=UTF-8: 
{"projectName":"dbflute_sample","databaseCode":"mysql","languageCode":"java","containerCode":"spring","dbfluteVersion":"1.2.6","hasSchemaHtml":true,"hasHistoryHtml":true,"hasSyncCheckResultHtml":false,"hasAlterCheckResultHtml":false,"violatesSchemaPolicy":false}
2023-01-06 10:18:40,827 [qtp1289479439-19] DEBUG (RequestLoggingFilter@after():480) - 
  responseClass=org.eclipse.jetty.server.Response ; committed=true
  ; httpStatus=200 ; contentType=application/json;charset=utf-8 ; locale=ja_JP
  [header] Content-Type=application/json;charset=utf-8
  [header] Date=Fri, 06 Jan 2023 01:18:40 GMT
  [header] Expires=Thu, 01 Jan 1970 00:00:00 GMT
  [header] Set-Cookie=JSESSIONID=node0pwfdchfh20qc1cmrjphu9c1wf5.node0; Path=/
  [request] client_propbase_clientPropbaseAction=org.dbflute.intro.app.web.client.propbase.ClientPropbaseAction@2e9f09b3
  [request] lastaflute.action.ACTION_RUMTIME=runtime:{/api/client/propbase/dbflute_sample, public JsonResponse<ClientPropbaseResult> ClientPropbaseAction@index(String), pathParam:{{0=dbflute_sample}}, JsonResponse:{ClientPropbaseResult}}
  [request] lastaflute.action.USER_LOCALE=ja
  [request] lastaflute.config.ACTION_EXECUTE=execute:{public JsonResponse<ClientPropbaseResult> ClientPropbaseAction@index(String), urlPattern:{{}, ^([^/]+)$}}@5e98e062
  [request] lastaflute.dbflute.SQL_COUNT={total=0}
  [request] org.eclipse.jetty.server.newSessionId=node0pwfdchfh20qc1cmrjphu9c1wf5
  [session] lastaflute.action.USER_LOCALE=ja
* * * * * * * * * * {END}: /api/client/propbase/dbflute_sample [00m00s119ms]


2023-01-06 10:18:40,839 [qtp1289479439-21] DEBUG (RequestLoggingFilter@before():405) - * * * * * * * * * * {BEGIN}: /api/dfprop/document/dbflute_sample
  requestClass=org.eclipse.jetty.server.Request ; sessionId=node0pwfdchfh20qc1cmrjphu9c1wf5.node0
  ; url=http://192.168.0.19:8926/api/dfprop/document/dbflute_sample
  ; method=POST ; protocol=HTTP/1.1 ; scheme=http ; secure=false ; remoteAddr=192.168.0.19 ; remoteHost=192.168.0.19
  ; characterEncoding=UTF-8 ; contentLength=0 ; contentType=null ; locale=ja ; locales=ja,en,en_GB,en_US
  [header] Accept=*/*
  [header] Accept-Encoding=gzip, deflate
  [header] Accept-Language=ja,en;q=0.9,en-GB;q=0.8,en-US;q=0.7
  [header] Connection=keep-alive
  [header] Content-Length=0
  [header] Cookie=JSESSIONID=node0pwfdchfh20qc1cmrjphu9c1wf5.node0
  [header] Host=192.168.0.19:8926
  [header] Origin=http://192.168.0.19:8926
  [header] Referer=http://192.168.0.19:8926/
  [header] User-Agent=Mozilla/5.0 (Windows NT 10.0; Win64; x64) AppleWebKit/537.36 (KHTML, like Gecko) Chrome/108.0.0.0 Safari/537.36 Edg/108.0.1462.54
  [cookie] JSESSIONID=node0pwfdchfh20qc1cmrjphu9c1wf5.node0
  [session] lastaflute.action.USER_LOCALE=ja
2023-01-06 10:18:40,842 [qtp1289479439-21] DEBUG (RequestRoutingFilter@processAction():284) - ...Routing to action: name=dfprop_document_dfpropDocumentAction params={dbflute_sample}
2023-01-06 10:18:40,846 [qtp1289479439-21] DEBUG (RequestRoutingFilter@processAction():285) -  by the mapping path: /dfprop/document/dbflute_sample
2023-01-06 10:18:40,851 [qtp1289479439-33] DEBUG (RequestLoggingFilter@before():405) - * * * * * * * * * * {BEGIN}: /api/log/latest/dbflute_sample/doc
  requestClass=org.eclipse.jetty.server.Request ; sessionId=node0pwfdchfh20qc1cmrjphu9c1wf5.node0
  ; url=http://192.168.0.19:8926/api/log/latest/dbflute_sample/doc
  ; method=GET ; protocol=HTTP/1.1 ; scheme=http ; secure=false ; remoteAddr=192.168.0.19 ; remoteHost=192.168.0.19
  ; characterEncoding=UTF-8 ; contentLength=-1 ; contentType=null ; locale=ja ; locales=ja,en,en_GB,en_US
  [header] Accept=*/*
  [header] Accept-Encoding=gzip, deflate
  [header] Accept-Language=ja,en;q=0.9,en-GB;q=0.8,en-US;q=0.7
  [header] Connection=keep-alive
  [header] Cookie=JSESSIONID=node0pwfdchfh20qc1cmrjphu9c1wf5.node0
  [header] Host=192.168.0.19:8926
  [header] Referer=http://192.168.0.19:8926/
  [header] User-Agent=Mozilla/5.0 (Windows NT 10.0; Win64; x64) AppleWebKit/537.36 (KHTML, like Gecko) Chrome/108.0.0.0 Safari/537.36 Edg/108.0.1462.54
  [cookie] JSESSIONID=node0pwfdchfh20qc1cmrjphu9c1wf5.node0
  [session] lastaflute.action.USER_LOCALE=ja
2023-01-06 10:18:40,864 [qtp1289479439-33] DEBUG (RequestRoutingFilter@processAction():284) - ...Routing to action: name=log_logAction params={latest/dbflute_sample/doc}
2023-01-06 10:18:40,864 [qtp1289479439-21] DEBUG (SimpleRequestManager@saveUserLocaleToSession():738) - ...Saving user locale to session: ja
2023-01-06 10:18:40,865 [qtp1289479439-71] DEBUG (RequestLoggingFilter@before():405) - * * * * * * * * * * {BEGIN}: /api/log/latest/undefined/undefined
  requestClass=org.eclipse.jetty.server.Request ; sessionId=node0pwfdchfh20qc1cmrjphu9c1wf5.node0
  ; url=http://192.168.0.19:8926/api/log/latest/undefined/undefined
  ; method=GET ; protocol=HTTP/1.1 ; scheme=http ; secure=false ; remoteAddr=192.168.0.19 ; remoteHost=192.168.0.19
  ; characterEncoding=UTF-8 ; contentLength=-1 ; contentType=null ; locale=ja ; locales=ja,en,en_GB,en_US
  [header] Accept=*/*
  [header] Accept-Encoding=gzip, deflate
  [header] Accept-Language=ja,en;q=0.9,en-GB;q=0.8,en-US;q=0.7
  [header] Connection=keep-alive
  [header] Cookie=JSESSIONID=node0pwfdchfh20qc1cmrjphu9c1wf5.node0
  [header] Host=192.168.0.19:8926
  [header] Referer=http://192.168.0.19:8926/
  [header] User-Agent=Mozilla/5.0 (Windows NT 10.0; Win64; x64) AppleWebKit/537.36 (KHTML, like Gecko) Chrome/108.0.0.0 Safari/537.36 Edg/108.0.1462.54
  [cookie] JSESSIONID=node0pwfdchfh20qc1cmrjphu9c1wf5.node0
  [session] lastaflute.action.USER_LOCALE=ja
2023-01-06 10:18:40,864 [qtp1289479439-33] DEBUG (RequestRoutingFilter@processAction():285) -  by the mapping path: /log/latest/dbflute_sample/doc
2023-01-06 10:18:40,866 [qtp1289479439-71] DEBUG (RequestRoutingFilter@processAction():284) - ...Routing to action: name=log_logAction params={latest/undefined/undefined}
2023-01-06 10:18:40,867 [qtp1289479439-71] DEBUG (RequestRoutingFilter@processAction():285) -  by the mapping path: /log/latest/undefined/undefined
2023-01-06 10:18:40,866 [qtp1289479439-21] DEBUG (GodHandableAction@showBefore():266) - #flow ...Calling back #before for DfpropDocumentAction
2023-01-06 10:18:40,867 [qtp1289479439-33] DEBUG (SimpleRequestManager@saveUserLocaleToSession():738) - ...Saving user locale to session: ja
2023-01-06 10:18:40,867 [qtp1289479439-71] DEBUG (SimpleRequestManager@saveUserLocaleToSession():738) - ...Saving user locale to session: ja
2023-01-06 10:18:40,869 [qtp1289479439-33] DEBUG (GodHandableAction@showBefore():266) - #flow ...Calling back #before for LogAction
2023-01-06 10:18:40,868 [qtp1289479439-21] DEBUG (LaTransaction@begin():83) - Begin transaction: [FormatId=4360, GlobalId=1672911607223/6, BranchId=]
2023-01-06 10:18:40,869 [qtp1289479439-71] DEBUG (GodHandableAction@showBefore():266) - #flow ...Calling back #before for LogAction
2023-01-06 10:18:40,869 [qtp1289479439-21] DEBUG (GodHandableAction@showAction():348) - #flow ...Beginning #action DfpropDocumentAction@index()
2023-01-06 10:18:40,872 [qtp1289479439-33] DEBUG (LaTransaction@begin():83) - Begin transaction: [FormatId=4360, GlobalId=1672911607223/7, BranchId=]
2023-01-06 10:18:40,876 [qtp1289479439-71] DEBUG (LaTransaction@begin():83) - Begin transaction: [FormatId=4360, GlobalId=1672911607223/8, BranchId=]
2023-01-06 10:18:40,885 [qtp1289479439-33] DEBUG (GodHandableAction@showAction():348) - #flow ...Beginning #action LogAction@latest()
2023-01-06 10:18:40,886 [qtp1289479439-71] DEBUG (GodHandableAction@showAction():348) - #flow ...Beginning #action LogAction@latest()
2023-01-06 10:18:40,889 [qtp1289479439-71] DEBUG (LaTransaction@commit():210) - Commit transaction: [FormatId=4360, GlobalId=1672911607223/8, BranchId=]
2023-01-06 10:18:40,889 [qtp1289479439-71] DEBUG (GodHandableAction@showFinally():306) - #flow ...Calling back #finally for LogAction
2023-01-06 10:18:40,890 [qtp1289479439-71] DEBUG (ResponseWritePerformer@showWritingResponse():75) - #flow ...Writing response as application/json; charset=UTF-8: 
{}
2023-01-06 10:18:40,893 [qtp1289479439-33] DEBUG (LaTransaction@commit():210) - Commit transaction: [FormatId=4360, GlobalId=1672911607223/7, BranchId=]
2023-01-06 10:18:40,894 [qtp1289479439-21] DEBUG (LaTransaction@commit():210) - Commit transaction: [FormatId=4360, GlobalId=1672911607223/6, BranchId=]
2023-01-06 10:18:40,898 [qtp1289479439-33] DEBUG (GodHandableAction@showFinally():306) - #flow ...Calling back #finally for LogAction
2023-01-06 10:18:40,897 [qtp1289479439-71] DEBUG (RequestLoggingFilter@after():480) - 
  responseClass=org.eclipse.jetty.server.Response ; committed=true
  ; httpStatus=200 ; contentType=application/json;charset=utf-8 ; locale=ja_JP
  [header] Content-Type=application/json;charset=utf-8
  [header] Date=Fri, 06 Jan 2023 01:18:40 GMT
  [request] lastaflute.action.ACTION_RUMTIME=runtime:{/api/log/latest/undefined/undefined, public JsonResponse<LogBean> LogAction@latest(String, String), pathParam:{{0=undefined, 1=undefined}}, JsonResponse:{Object, emptyBody}}
  [request] lastaflute.action.USER_LOCALE=ja
  [request] lastaflute.config.ACTION_EXECUTE=execute:{public JsonResponse<LogBean> LogAction@latest(String, String), urlPattern:{latest/{}/{}, ^latest/([^/]+)/([^/]+)$}}@4b6bfbee
  [request] lastaflute.dbflute.SQL_COUNT={total=0}
  [request] log_logAction=org.dbflute.intro.app.web.log.LogAction@3dacffe7
  [session] lastaflute.action.USER_LOCALE=ja
* * * * * * * * * * {END}: /api/log/latest/undefined/undefined [00m00s030ms]


2023-01-06 10:18:40,898 [qtp1289479439-21] DEBUG (GodHandableAction@showFinally():306) - #flow ...Calling back #finally for DfpropDocumentAction
2023-01-06 10:18:40,900 [qtp1289479439-33] DEBUG (ResponseWritePerformer@showWritingResponse():75) - #flow ...Writing response as application/json; charset=UTF-8: 
{"fileName":"intro-last-execute-success-doc.log","content":"/nnnnnnnnnnnnnnnnnnnnnnn\n...Calling the JDBC task\nnnnnnnnnnn/\nBuildfile: ..\\mydbflute\\dbflute-1.2.6\\build-torque.xml\n\njdbc:\n  [df-jdbc] 2023-01-04 14:51:13,140 INFO  - +------------------------------------------+\n  [df-jdbc] 2023-01-04 14:51:13,140 INFO  - |                                          |\n  [df-jdbc] 2023-01-04 14:51:13,140 INFO  - |                   JDBC                   |\n  [df-jdbc] 2023-01-04 14:51:13,140 I...
2023-01-06 10:18:40,900 [qtp1289479439-21] DEBUG (ResponseWritePerformer@showWritingResponse():75) - #flow ...Writing response as application/json; charset=UTF-8: 
{"upperCaseBasic":false,"aliasDelimiterInDbComment":null,"dbCommentOnAliasBasis":false,"checkColumnDefOrderDiff":false,"checkDbCommentDiff":false,"checkProcedureDiff":false}
2023-01-06 10:18:40,905 [qtp1289479439-33] DEBUG (RequestLoggingFilter@after():480) - 
  responseClass=org.eclipse.jetty.server.Response ; committed=true
  ; httpStatus=200 ; contentType=application/json;charset=utf-8 ; locale=ja_JP
  [header] Content-Type=application/json;charset=utf-8
  [header] Date=Fri, 06 Jan 2023 01:18:40 GMT
  [request] lastaflute.action.ACTION_RUMTIME=runtime:{/api/log/latest/dbflute_sample/doc, public JsonResponse<LogBean> LogAction@latest(String, String), pathParam:{{0=dbflute_sample, 1=doc}}, JsonResponse:{LogBean}}
  [request] lastaflute.action.USER_LOCALE=ja
  [request] lastaflute.config.ACTION_EXECUTE=execute:{public JsonResponse<LogBean> LogAction@latest(String, String), urlPattern:{latest/{}/{}, ^latest/([^/]+)/([^/]+)$}}@4b6bfbee
  [request] lastaflute.dbflute.SQL_COUNT={total=0}
  [request] log_logAction=org.dbflute.intro.app.web.log.LogAction@6ef94114
  [session] lastaflute.action.USER_LOCALE=ja
* * * * * * * * * * {END}: /api/log/latest/dbflute_sample/doc [00m00s053ms]


2023-01-06 10:18:40,906 [qtp1289479439-21] DEBUG (RequestLoggingFilter@after():480) - 
  responseClass=org.eclipse.jetty.server.Response ; committed=true
  ; httpStatus=200 ; contentType=application/json;charset=utf-8 ; locale=ja_JP
  [header] Content-Type=application/json;charset=utf-8
  [header] Date=Fri, 06 Jan 2023 01:18:40 GMT
  [request] dfprop_document_dfpropDocumentAction=org.dbflute.intro.app.web.dfprop.document.DfpropDocumentAction@57ed1e70
  [request] lastaflute.action.ACTION_RUMTIME=runtime:{/api/dfprop/document/dbflute_sample, public JsonResponse<DfpropDocumentResult> DfpropDocumentAction@index(String), pathParam:{{0=dbflute_sample}}, JsonResponse:{DfpropDocumentResult}}
  [request] lastaflute.action.USER_LOCALE=ja
  [request] lastaflute.config.ACTION_EXECUTE=execute:{public JsonResponse<DfpropDocumentResult> DfpropDocumentAction@index(String), urlPattern:{{}, ^([^/]+)$}}@3e02652e
  [request] lastaflute.dbflute.SQL_COUNT={total=0}
  [session] lastaflute.action.USER_LOCALE=ja
* * * * * * * * * * {END}: /api/dfprop/document/dbflute_sample [00m00s066ms]


2023-01-06 10:18:40,915 [qtp1289479439-22] DEBUG (RequestLoggingFilter@before():405) - * * * * * * * * * * {BEGIN}: /api/log/latest/undefined/undefined
  requestClass=org.eclipse.jetty.server.Request ; sessionId=node0pwfdchfh20qc1cmrjphu9c1wf5.node0
  ; url=http://192.168.0.19:8926/api/log/latest/undefined/undefined
  ; method=GET ; protocol=HTTP/1.1 ; scheme=http ; secure=false ; remoteAddr=192.168.0.19 ; remoteHost=192.168.0.19
  ; characterEncoding=UTF-8 ; contentLength=-1 ; contentType=null ; locale=ja ; locales=ja,en,en_GB,en_US
  [header] Accept=*/*
  [header] Accept-Encoding=gzip, deflate
  [header] Accept-Language=ja,en;q=0.9,en-GB;q=0.8,en-US;q=0.7
  [header] Connection=keep-alive
  [header] Cookie=JSESSIONID=node0pwfdchfh20qc1cmrjphu9c1wf5.node0
  [header] Host=192.168.0.19:8926
  [header] Referer=http://192.168.0.19:8926/
  [header] User-Agent=Mozilla/5.0 (Windows NT 10.0; Win64; x64) AppleWebKit/537.36 (KHTML, like Gecko) Chrome/108.0.0.0 Safari/537.36 Edg/108.0.1462.54
  [cookie] JSESSIONID=node0pwfdchfh20qc1cmrjphu9c1wf5.node0
  [session] lastaflute.action.USER_LOCALE=ja
2023-01-06 10:18:40,918 [qtp1289479439-22] DEBUG (RequestRoutingFilter@processAction():284) - ...Routing to action: name=log_logAction params={latest/undefined/undefined}
2023-01-06 10:18:40,918 [qtp1289479439-22] DEBUG (RequestRoutingFilter@processAction():285) -  by the mapping path: /log/latest/undefined/undefined
2023-01-06 10:18:40,918 [qtp1289479439-22] DEBUG (SimpleRequestManager@saveUserLocaleToSession():738) - ...Saving user locale to session: ja
2023-01-06 10:18:40,919 [qtp1289479439-22] DEBUG (GodHandableAction@showBefore():266) - #flow ...Calling back #before for LogAction
2023-01-06 10:18:40,920 [qtp1289479439-22] DEBUG (LaTransaction@begin():83) - Begin transaction: [FormatId=4360, GlobalId=1672911607223/9, BranchId=]
2023-01-06 10:18:40,920 [qtp1289479439-22] DEBUG (GodHandableAction@showAction():348) - #flow ...Beginning #action LogAction@latest()
2023-01-06 10:18:40,921 [qtp1289479439-22] DEBUG (LaTransaction@commit():210) - Commit transaction: [FormatId=4360, GlobalId=1672911607223/9, BranchId=]
2023-01-06 10:18:40,921 [qtp1289479439-22] DEBUG (GodHandableAction@showFinally():306) - #flow ...Calling back #finally for LogAction
2023-01-06 10:18:40,922 [qtp1289479439-22] DEBUG (ResponseWritePerformer@showWritingResponse():75) - #flow ...Writing response as application/json; charset=UTF-8: 
{}
2023-01-06 10:18:40,923 [qtp1289479439-22] DEBUG (RequestLoggingFilter@after():480) - 
  responseClass=org.eclipse.jetty.server.Response ; committed=true
  ; httpStatus=200 ; contentType=application/json;charset=utf-8 ; locale=ja_JP
  [header] Content-Type=application/json;charset=utf-8
  [header] Date=Fri, 06 Jan 2023 01:18:40 GMT
  [request] lastaflute.action.ACTION_RUMTIME=runtime:{/api/log/latest/undefined/undefined, public JsonResponse<LogBean> LogAction@latest(String, String), pathParam:{{0=undefined, 1=undefined}}, JsonResponse:{Object, emptyBody}}
  [request] lastaflute.action.USER_LOCALE=ja
  [request] lastaflute.config.ACTION_EXECUTE=execute:{public JsonResponse<LogBean> LogAction@latest(String, String), urlPattern:{latest/{}/{}, ^latest/([^/]+)/([^/]+)$}}@4b6bfbee
  [request] lastaflute.dbflute.SQL_COUNT={total=0}
  [request] log_logAction=org.dbflute.intro.app.web.log.LogAction@4c9e590b
  [session] lastaflute.action.USER_LOCALE=ja
* * * * * * * * * * {END}: /api/log/latest/undefined/undefined [00m00s008ms]


2023-01-06 10:19:30,278 [qtp1289479439-20] DEBUG (RequestLoggingFilter@before():405) - * * * * * * * * * * {BEGIN}: /api/document/dbflute_sample/schemahtml/
  requestClass=org.eclipse.jetty.server.Request ; sessionId=node0pwfdchfh20qc1cmrjphu9c1wf5.node0
  ; url=http://192.168.0.19:8926/api/document/dbflute_sample/schemahtml/
  ; method=GET ; protocol=HTTP/1.1 ; scheme=http ; secure=false ; remoteAddr=192.168.0.19 ; remoteHost=192.168.0.19
  ; characterEncoding=UTF-8 ; contentLength=-1 ; contentType=null ; locale=ja ; locales=ja,en,en_GB,en_US
  [header] Accept=text/html,application/xhtml+xml,application/xml;q=0.9,image/webp,image/apng,*/*;q=0.8,application/signed-exchange;v=b3;q=0.9
  [header] Accept-Encoding=gzip, deflate
  [header] Accept-Language=ja,en;q=0.9,en-GB;q=0.8,en-US;q=0.7
  [header] Connection=keep-alive
  [header] Cookie=JSESSIONID=node0pwfdchfh20qc1cmrjphu9c1wf5.node0
  [header] Host=192.168.0.19:8926
  [header] Referer=http://192.168.0.19:8926/
  [header] Upgrade-Insecure-Requests=1
  [header] User-Agent=Mozilla/5.0 (Windows NT 10.0; Win64; x64) AppleWebKit/537.36 (KHTML, like Gecko) Chrome/108.0.0.0 Safari/537.36 Edg/108.0.1462.54
  [cookie] JSESSIONID=node0pwfdchfh20qc1cmrjphu9c1wf5.node0
  [session] lastaflute.action.USER_LOCALE=ja
2023-01-06 10:19:30,279 [qtp1289479439-20] DEBUG (RequestRoutingFilter@processAction():284) - ...Routing to action: name=document_documentAction params={dbflute_sample/schemahtml}
2023-01-06 10:19:30,288 [qtp1289479439-20] DEBUG (RequestRoutingFilter@processAction():285) -  by the mapping path: /document/dbflute_sample/schemahtml/
2023-01-06 10:19:30,290 [qtp1289479439-20] DEBUG (SimpleRequestManager@saveUserLocaleToSession():738) - ...Saving user locale to session: ja
2023-01-06 10:19:30,292 [qtp1289479439-20] DEBUG (GodHandableAction@showBefore():266) - #flow ...Calling back #before for DocumentAction
2023-01-06 10:19:30,292 [qtp1289479439-20] DEBUG (LaTransaction@begin():83) - Begin transaction: [FormatId=4360, GlobalId=1672911607223/10, BranchId=]
2023-01-06 10:19:30,293 [qtp1289479439-20] DEBUG (GodHandableAction@showAction():348) - #flow ...Beginning #action DocumentAction@schemahtml()
2023-01-06 10:19:30,333 [qtp1289479439-20] DEBUG (LaTransaction@commit():210) - Commit transaction: [FormatId=4360, GlobalId=1672911607223/10, BranchId=]
2023-01-06 10:19:30,335 [qtp1289479439-20] DEBUG (GodHandableAction@showFinally():306) - #flow ...Calling back #finally for DocumentAction
2023-01-06 10:19:30,362 [qtp1289479439-20] DEBUG (RequestLoggingFilter@after():480) - 
  responseClass=org.eclipse.jetty.server.Response ; committed=true
  ; httpStatus=200 ; contentType=text/html; encoding="UTF-8" ; locale=ja_JP
  [header] Content-Disposition=inline; filename="schema-...html"
  [header] Content-Type=text/html; encoding="UTF-8"
  [header] Date=Fri, 06 Jan 2023 01:19:30 GMT
  [request] document_documentAction=org.dbflute.intro.app.web.document.DocumentAction@4298cffd
  [request] lastaflute.action.ACTION_RUMTIME=runtime:{/api/document/dbflute_sample/schemahtml/, public StreamResponse DocumentAction@schemahtml(String), pathParam:{{0=dbflute_sample}}, StreamResponse:{schema-...html, text/html; encoding="UTF-8", {}}}
  [request] lastaflute.action.USER_LOCALE=ja
  [request] lastaflute.config.ACTION_EXECUTE=execute:{public StreamResponse DocumentAction@schemahtml(String), urlPattern:{{}/schemahtml, ^([^/]+)/schemahtml$}}@6a2d3d67
  [request] lastaflute.dbflute.SQL_COUNT={total=0}
  [session] lastaflute.action.USER_LOCALE=ja
* * * * * * * * * * {END}: /api/document/dbflute_sample/schemahtml/ [00m00s083ms]


2023-01-06 10:19:30,469 [qtp1289479439-21] DEBUG (RequestLoggingFilter@before():405) - * * * * * * * * * * {BEGIN}: /api/document/decomment/dbflute_sample/pickup
  requestClass=org.eclipse.jetty.server.Request ; sessionId=node0pwfdchfh20qc1cmrjphu9c1wf5.node0
  ; url=http://192.168.0.19:8926/api/document/decomment/dbflute_sample/pickup
  ; method=GET ; protocol=HTTP/1.1 ; scheme=http ; secure=false ; remoteAddr=192.168.0.19 ; remoteHost=192.168.0.19
  ; characterEncoding=UTF-8 ; contentLength=-1 ; contentType=null ; locale=ja ; locales=ja,en,en_GB,en_US
  [header] Accept=*/*
  [header] Accept-Encoding=gzip, deflate
  [header] Accept-Language=ja,en;q=0.9,en-GB;q=0.8,en-US;q=0.7
  [header] Connection=keep-alive
  [header] Cookie=JSESSIONID=node0pwfdchfh20qc1cmrjphu9c1wf5.node0
  [header] Host=192.168.0.19:8926
  [header] Referer=http://192.168.0.19:8926/api/document/dbflute_sample/schemahtml/
  [header] User-Agent=Mozilla/5.0 (Windows NT 10.0; Win64; x64) AppleWebKit/537.36 (KHTML, like Gecko) Chrome/108.0.0.0 Safari/537.36 Edg/108.0.1462.54
  [cookie] JSESSIONID=node0pwfdchfh20qc1cmrjphu9c1wf5.node0
  [session] lastaflute.action.USER_LOCALE=ja
2023-01-06 10:19:30,470 [qtp1289479439-21] DEBUG (RequestRoutingFilter@processAction():284) - ...Routing to action: name=document_decomment_documentDecommentAction params={dbflute_sample/pickup}
2023-01-06 10:19:30,473 [qtp1289479439-21] DEBUG (RequestRoutingFilter@processAction():285) -  by the mapping path: /document/decomment/dbflute_sample/pickup
2023-01-06 10:19:30,474 [qtp1289479439-21] DEBUG (SimpleRequestManager@saveUserLocaleToSession():738) - ...Saving user locale to session: ja
2023-01-06 10:19:30,482 [qtp1289479439-21] DEBUG (GodHandableAction@showBefore():266) - #flow ...Calling back #before for DocumentDecommentAction
2023-01-06 10:19:30,488 [qtp1289479439-21] DEBUG (LaTransaction@begin():83) - Begin transaction: [FormatId=4360, GlobalId=1672911607223/11, BranchId=]
2023-01-06 10:19:30,490 [qtp1289479439-21] DEBUG (GodHandableAction@showAction():348) - #flow ...Beginning #action DocumentDecommentAction@pickup()
2023-01-06 10:19:30,504 [qtp1289479439-21] DEBUG (LaTransaction@commit():210) - Commit transaction: [FormatId=4360, GlobalId=1672911607223/11, BranchId=]
2023-01-06 10:19:30,505 [qtp1289479439-21] DEBUG (GodHandableAction@showFinally():306) - #flow ...Calling back #finally for DocumentDecommentAction
2023-01-06 10:19:30,511 [qtp1289479439-21] DEBUG (ResponseWritePerformer@showWritingResponse():75) - #flow ...Writing response as application/json; charset=UTF-8: 
{"tables":[]}
2023-01-06 10:19:30,513 [qtp1289479439-21] DEBUG (RequestLoggingFilter@after():480) - 
  responseClass=org.eclipse.jetty.server.Response ; committed=true
  ; httpStatus=200 ; contentType=application/json;charset=utf-8 ; locale=ja_JP
  [header] Content-Type=application/json;charset=utf-8
  [header] Date=Fri, 06 Jan 2023 01:19:30 GMT
  [request] document_decomment_documentDecommentAction=org.dbflute.intro.app.web.document.decomment.DocumentDecommentAction@12f41024
  [request] lastaflute.action.ACTION_RUMTIME=runtime:{/api/document/decomment/dbflute_sample/pickup, public JsonResponse<DecommentPickupResult> DocumentDecommentAction@pickup(String), pathParam:{{0=dbflute_sample}}, JsonResponse:{DecommentPickupResult}}
  [request] lastaflute.action.USER_LOCALE=ja
  [request] lastaflute.config.ACTION_EXECUTE=execute:{public JsonResponse<DecommentPickupResult> DocumentDecommentAction@pickup(String), urlPattern:{{}/pickup, ^([^/]+)/pickup$}}@3255db3
  [request] lastaflute.dbflute.SQL_COUNT={total=0}
  [session] lastaflute.action.USER_LOCALE=ja
* * * * * * * * * * {END}: /api/document/decomment/dbflute_sample/pickup [00m00s044ms]


